#
# There is insufficient memory for the Java Runtime Environment to continue.
# Native memory allocation (malloc) failed to allocate 484016 bytes for Chunk::new
# Possible reasons:
#   The system is out of physical RAM or swap space
#   The process is running with CompressedOops enabled, and the Java Heap may be blocking the growth of the native heap
# Possible solutions:
#   Reduce memory load on the system
#   Increase physical memory or swap space
#   Check if swap backing store is full
#   Decrease Java heap size (-Xmx/-Xms)
#   Decrease number of Java threads
#   Decrease Java thread stack sizes (-Xss)
#   Set larger code cache with -XX:ReservedCodeCacheSize=
#   JVM is running with Zero Based Compressed Oops mode in which the Java heap is
#     placed in the first 32GB address space. The Java Heap base address is the
#     maximum limit for the native heap growth. Please use -XX:HeapBaseMinAddress
#     to set the Java Heap base and to place the Java Heap above 32GB virtual address.
# This output file may be truncated or incomplete.
#
#  Out of Memory Error (arena.cpp:168), pid=7112, tid=1312
#
# JRE version: Java(TM) SE Runtime Environment (21.0.2+13) (build 21.0.2+13-LTS-58)
# Java VM: Java HotSpot(TM) 64-Bit Server VM (21.0.2+13-LTS-58, mixed mode, sharing, tiered, compressed oops, compressed class ptrs, g1 gc, windows-amd64)
# No core dump will be written. Minidumps are not enabled by default on client versions of Windows
#

---------------  S U M M A R Y ------------

Command Line: -Dfile.encoding=UTF-8 -Dstdout.encoding=UTF-8 -Dstderr.encoding=UTF-8 -XX:+ShowCodeDetailsInExceptionMessages com.PradipEmployeeManagementApplication

Host: 11th Gen Intel(R) Core(TM) i5-11320H @ 3.20GHz, 8 cores, 15G,  Windows 11 , 64 bit Build 26100 (10.0.26100.3912)
Time: Wed Jun 11 14:29:23 2025 India Standard Time elapsed time: 5546.524756 seconds (0d 1h 32m 26s)

---------------  T H R E A D  ---------------

Current thread (0x000001c2fc6e3310):  JavaThread "C2 CompilerThread0" daemon [_thread_in_native, id=1312, stack(0x0000003cc7700000,0x0000003cc7800000) (1024K)]


Current CompileTask:
C2:5546527 6688       4       sun.nio.ch.SelectorImpl::select (35 bytes)

Stack: [0x0000003cc7700000,0x0000003cc7800000]
Native frames: (J=compiled Java code, j=interpreted, Vv=VM code, C=native code)
V  [jvm.dll+0x6cade9]
V  [jvm.dll+0x8569c1]
V  [jvm.dll+0x858d2e]
V  [jvm.dll+0x859413]
V  [jvm.dll+0x280e56]
V  [jvm.dll+0xc3f3d]
V  [jvm.dll+0xc4473]
V  [jvm.dll+0x3b5bf2]
V  [jvm.dll+0x382855]
V  [jvm.dll+0x381cca]
V  [jvm.dll+0x249bd0]
V  [jvm.dll+0x2491b1]
V  [jvm.dll+0x1c9634]
V  [jvm.dll+0x258859]
V  [jvm.dll+0x256e3a]
V  [jvm.dll+0x3ef6c6]
V  [jvm.dll+0x7ff568]
V  [jvm.dll+0x6c953d]
C  [ucrtbase.dll+0x37b0]
C  [KERNEL32.DLL+0x2e8d7]
C  [ntdll.dll+0x9c5dc]


---------------  P R O C E S S  ---------------

Threads class SMR info:
_java_thread_list=0x000001c2d5b24de0, length=30, elements={
0x000001c2fc6c4070, 0x000001c2fc6c6ce0, 0x000001c2fc6cb7d0, 0x000001c2fc6cc230,
0x000001c2fc6d5810, 0x000001c2fc6d83b0, 0x000001c2fc6e3310, 0x000001c2fc6e6af0,
0x000001c2fc941d00, 0x000001c2fc968f40, 0x000001c2d4a1c1c0, 0x000001c2d46305a0,
0x000001c2d49c6010, 0x000001c2d43451e0, 0x000001c2d4345870, 0x000001c2fe6f9180,
0x000001c2fe6f9810, 0x000001c2fe6f6390, 0x000001c2fe6f7740, 0x000001c2fe6f6a20,
0x000001c2fe6f7dd0, 0x000001c2fe6f70b0, 0x000001c2fe6f8460, 0x000001c2fe6f8af0,
0x000001c2d68baaf0, 0x000001c2d68b9dd0, 0x000001c2d68ba460, 0x000001c2d68bbea0,
0x000001c2d68bb810, 0x000001c2d68bb180
}

Java Threads: ( => current thread )
  0x000001c2fc6c4070 JavaThread "Reference Handler"          daemon [_thread_blocked, id=5848, stack(0x0000003cc7100000,0x0000003cc7200000) (1024K)]
  0x000001c2fc6c6ce0 JavaThread "Finalizer"                  daemon [_thread_blocked, id=18152, stack(0x0000003cc7200000,0x0000003cc7300000) (1024K)]
  0x000001c2fc6cb7d0 JavaThread "Signal Dispatcher"          daemon [_thread_blocked, id=876, stack(0x0000003cc7300000,0x0000003cc7400000) (1024K)]
  0x000001c2fc6cc230 JavaThread "Attach Listener"            daemon [_thread_blocked, id=9668, stack(0x0000003cc7400000,0x0000003cc7500000) (1024K)]
  0x000001c2fc6d5810 JavaThread "Service Thread"             daemon [_thread_blocked, id=9900, stack(0x0000003cc7500000,0x0000003cc7600000) (1024K)]
  0x000001c2fc6d83b0 JavaThread "Monitor Deflation Thread"   daemon [_thread_blocked, id=13072, stack(0x0000003cc7600000,0x0000003cc7700000) (1024K)]
=>0x000001c2fc6e3310 JavaThread "C2 CompilerThread0"         daemon [_thread_in_native, id=1312, stack(0x0000003cc7700000,0x0000003cc7800000) (1024K)]
  0x000001c2fc6e6af0 JavaThread "C1 CompilerThread0"         daemon [_thread_blocked, id=16256, stack(0x0000003cc7800000,0x0000003cc7900000) (1024K)]
  0x000001c2fc941d00 JavaThread "Notification Thread"        daemon [_thread_blocked, id=12136, stack(0x0000003cc7900000,0x0000003cc7a00000) (1024K)]
  0x000001c2fc968f40 JavaThread "Common-Cleaner"             daemon [_thread_blocked, id=9404, stack(0x0000003cc7a00000,0x0000003cc7b00000) (1024K)]
  0x000001c2d4a1c1c0 JavaThread "Catalina-utility-1"                [_thread_blocked, id=21632, stack(0x0000003cc8700000,0x0000003cc8800000) (1024K)]
  0x000001c2d46305a0 JavaThread "Catalina-utility-2"                [_thread_blocked, id=18752, stack(0x0000003cc8800000,0x0000003cc8900000) (1024K)]
  0x000001c2d49c6010 JavaThread "container-0"                       [_thread_blocked, id=15624, stack(0x0000003cc8900000,0x0000003cc8a00000) (1024K)]
  0x000001c2d43451e0 JavaThread "PostgreSQL-JDBC-Cleaner"    daemon [_thread_blocked, id=9168, stack(0x0000003cc8a00000,0x0000003cc8b00000) (1024K)]
  0x000001c2d4345870 JavaThread "HikariPool-1 housekeeper"   daemon [_thread_blocked, id=12468, stack(0x0000003cc8b00000,0x0000003cc8c00000) (1024K)]
  0x000001c2fe6f9180 JavaThread "File Watcher"               daemon [_thread_blocked, id=10420, stack(0x0000003cc8e00000,0x0000003cc8f00000) (1024K)]
  0x000001c2fe6f9810 JavaThread "Live Reload Server"         daemon [_thread_in_native, id=4304, stack(0x0000003cc9000000,0x0000003cc9100000) (1024K)]
  0x000001c2fe6f6390 JavaThread "http-nio-8080-exec-1"       daemon [_thread_blocked, id=9972, stack(0x0000003cc8f00000,0x0000003cc9000000) (1024K)]
  0x000001c2fe6f7740 JavaThread "http-nio-8080-exec-2"       daemon [_thread_blocked, id=17196, stack(0x0000003cc9100000,0x0000003cc9200000) (1024K)]
  0x000001c2fe6f6a20 JavaThread "http-nio-8080-exec-3"       daemon [_thread_blocked, id=17104, stack(0x0000003cc9200000,0x0000003cc9300000) (1024K)]
  0x000001c2fe6f7dd0 JavaThread "http-nio-8080-exec-4"       daemon [_thread_blocked, id=16476, stack(0x0000003cc9300000,0x0000003cc9400000) (1024K)]
  0x000001c2fe6f70b0 JavaThread "http-nio-8080-exec-5"       daemon [_thread_blocked, id=11760, stack(0x0000003cc9400000,0x0000003cc9500000) (1024K)]
  0x000001c2fe6f8460 JavaThread "http-nio-8080-exec-6"       daemon [_thread_blocked, id=6552, stack(0x0000003cc9500000,0x0000003cc9600000) (1024K)]
  0x000001c2fe6f8af0 JavaThread "http-nio-8080-exec-7"       daemon [_thread_blocked, id=1108, stack(0x0000003cc9600000,0x0000003cc9700000) (1024K)]
  0x000001c2d68baaf0 JavaThread "http-nio-8080-exec-8"       daemon [_thread_blocked, id=6036, stack(0x0000003cc9700000,0x0000003cc9800000) (1024K)]
  0x000001c2d68b9dd0 JavaThread "http-nio-8080-exec-9"       daemon [_thread_blocked, id=7240, stack(0x0000003cc9800000,0x0000003cc9900000) (1024K)]
  0x000001c2d68ba460 JavaThread "http-nio-8080-exec-10"      daemon [_thread_blocked, id=19868, stack(0x0000003cc9900000,0x0000003cc9a00000) (1024K)]
  0x000001c2d68bbea0 JavaThread "http-nio-8080-Poller"       daemon [_thread_in_native, id=11300, stack(0x0000003cc9a00000,0x0000003cc9b00000) (1024K)]
  0x000001c2d68bb810 JavaThread "http-nio-8080-Acceptor"     daemon [_thread_in_native, id=6388, stack(0x0000003cc9b00000,0x0000003cc9c00000) (1024K)]
  0x000001c2d68bb180 JavaThread "DestroyJavaVM"                     [_thread_blocked, id=15268, stack(0x0000003cc6900000,0x0000003cc6a00000) (1024K)]
Total: 30

Other Threads:
  0x000001c2fc6a4ef0 VMThread "VM Thread"                           [id=17984, stack(0x0000003cc7000000,0x0000003cc7100000) (1024K)]
  0x000001c2fc68d2a0 WatcherThread "VM Periodic Task Thread"        [id=19952, stack(0x0000003cc6f00000,0x0000003cc7000000) (1024K)]
  0x000001c2ebe44520 WorkerThread "GC Thread#0"                     [id=1244, stack(0x0000003cc6a00000,0x0000003cc6b00000) (1024K)]
  0x000001c2fd064380 WorkerThread "GC Thread#1"                     [id=13220, stack(0x0000003cc7d00000,0x0000003cc7e00000) (1024K)]
  0x000001c2fd064720 WorkerThread "GC Thread#2"                     [id=2396, stack(0x0000003cc7e00000,0x0000003cc7f00000) (1024K)]
  0x000001c2fd064e60 WorkerThread "GC Thread#3"                     [id=11456, stack(0x0000003cc7f00000,0x0000003cc8000000) (1024K)]
  0x000001c2fd0655a0 WorkerThread "GC Thread#4"                     [id=17112, stack(0x0000003cc8000000,0x0000003cc8100000) (1024K)]
  0x000001c2fd064ac0 WorkerThread "GC Thread#5"                     [id=19476, stack(0x0000003cc8100000,0x0000003cc8200000) (1024K)]
  0x000001c2fd065200 WorkerThread "GC Thread#6"                     [id=11252, stack(0x0000003cc8400000,0x0000003cc8500000) (1024K)]
  0x000001c2fd063fe0 WorkerThread "GC Thread#7"                     [id=3736, stack(0x0000003cc8500000,0x0000003cc8600000) (1024K)]
  0x000001c2ebe558b0 ConcurrentGCThread "G1 Main Marker"            [id=13580, stack(0x0000003cc6b00000,0x0000003cc6c00000) (1024K)]
  0x000001c2ebe562c0 WorkerThread "G1 Conc#0"                       [id=19848, stack(0x0000003cc6c00000,0x0000003cc6d00000) (1024K)]
  0x000001c2fd77f850 WorkerThread "G1 Conc#1"                       [id=10288, stack(0x0000003cc8300000,0x0000003cc8400000) (1024K)]
  0x000001c2ebe9e680 ConcurrentGCThread "G1 Refine#0"               [id=13520, stack(0x0000003cc6d00000,0x0000003cc6e00000) (1024K)]
  0x000001c2fc55f160 ConcurrentGCThread "G1 Service"                [id=8456, stack(0x0000003cc6e00000,0x0000003cc6f00000) (1024K)]
Total: 15

Threads with active compile tasks:
C2 CompilerThread0  5546614 6688       4       sun.nio.ch.SelectorImpl::select (35 bytes)
Total: 1

VM state: not at safepoint (normal execution)

VM Mutex/Monitor currently owned by a thread: None

Heap address: 0x0000000703600000, size: 4042 MB, Compressed Oops mode: Zero based, Oop shift amount: 3

CDS archive(s) mapped at: [0x000001c28f000000-0x000001c28fc90000-0x000001c28fc90000), size 13172736, SharedBaseAddress: 0x000001c28f000000, ArchiveRelocationMode: 1.
Compressed class space mapped at: 0x000001c290000000-0x000001c2d0000000, reserved size: 1073741824
Narrow klass base: 0x000001c28f000000, Narrow klass shift: 0, Narrow klass range: 0x100000000

GC Precious Log:
 CardTable entry size: 512
 Card Set container configuration: InlinePtr #cards 4 size 8 Array Of Cards #cards 16 size 48 Howl #buckets 8 coarsen threshold 3686 Howl Bitmap #cards 512 size 80 coarsen threshold 460 Card regions per heap region 1 cards per card region 4096
 CPUs: 8 total, 8 available
 Memory: 16167M
 Large Page Support: Disabled
 NUMA Support: Disabled
 Compressed Oops: Enabled (Zero based)
 Heap Region Size: 2M
 Heap Min Capacity: 8M
 Heap Initial Capacity: 254M
 Heap Max Capacity: 4042M
 Pre-touch: Disabled
 Parallel Workers: 8
 Concurrent Workers: 2
 Concurrent Refinement Workers: 8
 Periodic GC: Disabled

Heap:
 garbage-first heap   total 75776K, used 57329K [0x0000000703600000, 0x0000000800000000)
  region size 2048K, 13 young (26624K), 1 survivors (2048K)
 Metaspace       used 65379K, committed 66368K, reserved 1114112K
  class space    used 8851K, committed 9216K, reserved 1048576K

Heap Regions: E=young(eden), S=young(survivor), O=old, HS=humongous(starts), HC=humongous(continues), CS=collection set, F=free, TAMS=top-at-mark-start, PB=parsable bottom
|   0|0x0000000703600000, 0x0000000703800000, 0x0000000703800000|100%| O|  |TAMS 0x0000000703600000| PB 0x0000000703600000| Untracked 
|   1|0x0000000703800000, 0x0000000703a00000, 0x0000000703a00000|100%| O|  |TAMS 0x0000000703800000| PB 0x0000000703800000| Untracked 
|   2|0x0000000703a00000, 0x0000000703c00000, 0x0000000703c00000|100%| O|  |TAMS 0x0000000703a00000| PB 0x0000000703a00000| Untracked 
|   3|0x0000000703c00000, 0x0000000703e00000, 0x0000000703e00000|100%| O|Cm|TAMS 0x0000000703c00000| PB 0x0000000703c00000| Complete 
|   4|0x0000000703e00000, 0x0000000704000000, 0x0000000704000000|100%| O|  |TAMS 0x0000000703e00000| PB 0x0000000703e00000| Untracked 
|   5|0x0000000704000000, 0x0000000704200000, 0x0000000704200000|100%| O|  |TAMS 0x0000000704000000| PB 0x0000000704000000| Untracked 
|   6|0x0000000704200000, 0x0000000704400000, 0x0000000704400000|100%| O|  |TAMS 0x0000000704200000| PB 0x0000000704200000| Untracked 
|   7|0x0000000704400000, 0x0000000704600000, 0x0000000704600000|100%| O|Cm|TAMS 0x0000000704400000| PB 0x0000000704400000| Complete 
|   8|0x0000000704600000, 0x0000000704800000, 0x0000000704800000|100%| O|Cm|TAMS 0x0000000704600000| PB 0x0000000704600000| Complete 
|   9|0x0000000704800000, 0x0000000704a00000, 0x0000000704a00000|100%| O|  |TAMS 0x0000000704800000| PB 0x0000000704800000| Untracked 
|  10|0x0000000704a00000, 0x0000000704b28670, 0x0000000704c00000| 57%| O|  |TAMS 0x0000000704a00000| PB 0x0000000704a00000| Untracked 
|  11|0x0000000704c00000, 0x0000000704e00000, 0x0000000704e00000|100%| O|Cm|TAMS 0x0000000704c00000| PB 0x0000000704c00000| Complete 
|  12|0x0000000704e00000, 0x0000000705000000, 0x0000000705000000|100%| O|Cm|TAMS 0x0000000704e00000| PB 0x0000000704e00000| Complete 
|  13|0x0000000705000000, 0x0000000705200000, 0x0000000705200000|100%| O|Cm|TAMS 0x0000000705000000| PB 0x0000000705000000| Complete 
|  14|0x0000000705200000, 0x0000000705400000, 0x0000000705400000|100%| O|Cm|TAMS 0x0000000705200000| PB 0x0000000705200000| Complete 
|  15|0x0000000705400000, 0x0000000705600000, 0x0000000705600000|100%| O|  |TAMS 0x0000000705400000| PB 0x0000000705400000| Untracked 
|  16|0x0000000705600000, 0x0000000705800000, 0x0000000705800000|100%| O|Cm|TAMS 0x0000000705600000| PB 0x0000000705600000| Complete 
|  17|0x0000000705800000, 0x0000000705800000, 0x0000000705a00000|  0%| F|  |TAMS 0x0000000705800000| PB 0x0000000705800000| Untracked 
|  18|0x0000000705a00000, 0x0000000705a00000, 0x0000000705c00000|  0%| F|  |TAMS 0x0000000705a00000| PB 0x0000000705a00000| Untracked 
|  19|0x0000000705c00000, 0x0000000705c00000, 0x0000000705e00000|  0%| F|  |TAMS 0x0000000705c00000| PB 0x0000000705c00000| Untracked 
|  20|0x0000000705e00000, 0x0000000705e00000, 0x0000000706000000|  0%| F|  |TAMS 0x0000000705e00000| PB 0x0000000705e00000| Untracked 
|  21|0x0000000706000000, 0x0000000706000000, 0x0000000706200000|  0%| F|  |TAMS 0x0000000706000000| PB 0x0000000706000000| Untracked 
|  22|0x0000000706200000, 0x00000007062d3e60, 0x0000000706400000| 41%| S|CS|TAMS 0x0000000706200000| PB 0x0000000706200000| Complete 
|  23|0x0000000706400000, 0x0000000706400000, 0x0000000706600000|  0%| F|  |TAMS 0x0000000706400000| PB 0x0000000706400000| Untracked 
|  24|0x0000000706600000, 0x0000000706600000, 0x0000000706800000|  0%| F|  |TAMS 0x0000000706600000| PB 0x0000000706600000| Untracked 
|  25|0x0000000706800000, 0x0000000706a00000, 0x0000000706a00000|100%| E|  |TAMS 0x0000000706800000| PB 0x0000000706800000| Complete 
|  26|0x0000000706a00000, 0x0000000706c00000, 0x0000000706c00000|100%| E|CS|TAMS 0x0000000706a00000| PB 0x0000000706a00000| Complete 
|  27|0x0000000706c00000, 0x0000000706e00000, 0x0000000706e00000|100%| E|CS|TAMS 0x0000000706c00000| PB 0x0000000706c00000| Complete 
|  28|0x0000000706e00000, 0x0000000707000000, 0x0000000707000000|100%| E|CS|TAMS 0x0000000706e00000| PB 0x0000000706e00000| Complete 
|  29|0x0000000707000000, 0x0000000707200000, 0x0000000707200000|100%| E|CS|TAMS 0x0000000707000000| PB 0x0000000707000000| Complete 
|  70|0x000000070c200000, 0x000000070c400000, 0x000000070c400000|100%| E|CS|TAMS 0x000000070c200000| PB 0x000000070c200000| Complete 
|  71|0x000000070c400000, 0x000000070c600000, 0x000000070c600000|100%| E|CS|TAMS 0x000000070c400000| PB 0x000000070c400000| Complete 
|  72|0x000000070c600000, 0x000000070c800000, 0x000000070c800000|100%| E|CS|TAMS 0x000000070c600000| PB 0x000000070c600000| Complete 
|  73|0x000000070c800000, 0x000000070ca00000, 0x000000070ca00000|100%| E|CS|TAMS 0x000000070c800000| PB 0x000000070c800000| Complete 
|  74|0x000000070ca00000, 0x000000070cc00000, 0x000000070cc00000|100%| E|CS|TAMS 0x000000070ca00000| PB 0x000000070ca00000| Complete 
|  75|0x000000070cc00000, 0x000000070ce00000, 0x000000070ce00000|100%| E|CS|TAMS 0x000000070cc00000| PB 0x000000070cc00000| Complete 
| 126|0x0000000713200000, 0x0000000713400000, 0x0000000713400000|100%| E|CS|TAMS 0x0000000713200000| PB 0x0000000713200000| Complete 

Card table byte_map: [0x000001c2f5570000,0x000001c2f5d60000] _byte_map_base: 0x000001c2f1d55000

Marking Bits: (CMBitMap*) 0x000001c2ebe45340
 Bits: [0x000001c2f5d60000, 0x000001c2f9c88000)

Polling page: 0x000001c2ea5e0000

Metaspace:

Usage:
  Non-class:     55.20 MB used.
      Class:      8.64 MB used.
       Both:     63.85 MB used.

Virtual space:
  Non-class space:       64.00 MB reserved,      55.81 MB ( 87%) committed,  1 nodes.
      Class space:        1.00 GB reserved,       9.00 MB ( <1%) committed,  1 nodes.
             Both:        1.06 GB reserved,      64.81 MB (  6%) committed. 

Chunk freelists:
   Non-Class:  8.42 MB
       Class:  7.04 MB
        Both:  15.46 MB

MaxMetaspaceSize: unlimited
CompressedClassSpaceSize: 1.00 GB
Initial GC threshold: 21.00 MB
Current GC threshold: 108.06 MB
CDS: on
 - commit_granule_bytes: 65536.
 - commit_granule_words: 8192.
 - virtual_space_node_default_size: 8388608.
 - enlarge_chunks_in_place: 1.
 - use_allocation_guard: 0.


Internal statistics:

num_allocs_failed_limit: 9.
num_arena_births: 942.
num_arena_deaths: 318.
num_vsnodes_births: 2.
num_vsnodes_deaths: 0.
num_space_committed: 1037.
num_space_uncommitted: 0.
num_chunks_returned_to_freelist: 375.
num_chunks_taken_from_freelist: 3370.
num_chunk_merges: 97.
num_chunk_splits: 2407.
num_chunks_enlarged: 1861.
num_inconsistent_stats: 0.

CodeHeap 'non-profiled nmethods': size=120000Kb used=3995Kb max_used=4547Kb free=116004Kb
 bounds [0x000001c287ad0000, 0x000001c287f50000, 0x000001c28f000000]
CodeHeap 'profiled nmethods': size=120000Kb used=10099Kb max_used=10905Kb free=109900Kb
 bounds [0x000001c280000000, 0x000001c280ab0000, 0x000001c287530000]
CodeHeap 'non-nmethods': size=5760Kb used=1851Kb max_used=1899Kb free=3908Kb
 bounds [0x000001c287530000, 0x000001c2877a0000, 0x000001c287ad0000]
 total_blobs=6242 nmethods=5550 adapters=596
 compilation: enabled
              stopped_count=0, restarted_count=0
 full_count=0

Compilation events (20 events):
Event: 5369.378 Thread 0x000001c2fc6e6af0 nmethod 6678 0x000001c28009dd90 code [0x000001c28009dfa0, 0x000001c28009e6c8]
Event: 5369.384 Thread 0x000001c2fc6e3310 6679       4       java.lang.CharacterDataLatin1::isWhitespace (23 bytes)
Event: 5369.386 Thread 0x000001c2fc6e3310 nmethod 6679 0x000001c287b33f90 code [0x000001c287b34120, 0x000001c287b341f0]
Event: 5369.386 Thread 0x000001c2fc6e3310 6680   !   4       java.util.Collections$SynchronizedMap::put (28 bytes)
Event: 5369.414 Thread 0x000001c2fc6e3310 nmethod 6680 0x000001c287c19710 code [0x000001c287c19920, 0x000001c287c1a728]
Event: 5384.432 Thread 0x000001c2fc6e3310 6681       4       org.apache.coyote.AbstractProtocol::lambda$startAsyncTimeout$0 (46 bytes)
Event: 5384.446 Thread 0x000001c2fc6e3310 nmethod 6681 0x000001c287b6b890 code [0x000001c287b6ba40, 0x000001c287b6bde8]
Event: 5385.433 Thread 0x000001c2fc6e3310 6682       4       org.apache.coyote.AbstractProtocol$$Lambda/0x000001c290874220::run (8 bytes)
Event: 5385.448 Thread 0x000001c2fc6e3310 nmethod 6682 0x000001c287bbd190 code [0x000001c287bbd340, 0x000001c287bbd688]
Event: 5413.366 Thread 0x000001c2fc6e3310 6683       4       sun.nio.ch.WEPollSelectorImpl::processEvents (152 bytes)
Event: 5413.374 Thread 0x000001c2fc6e3310 nmethod 6683 0x000001c287bd1f90 code [0x000001c287bd21c0, 0x000001c287bd25d0]
Event: 5501.293 Thread 0x000001c2fc6e3310 6684       4       org.springframework.boot.devtools.filewatch.FileSystemWatcher$Watcher::getCurrentSnapshots (63 bytes)
Event: 5502.458 Thread 0x000001c2fc6e3310 nmethod 6684 0x000001c287b63b10 code [0x000001c287b63ec0, 0x000001c287b667b0]
Event: 5502.459 Thread 0x000001c2fc6e3310 6685       4       org.springframework.boot.devtools.filewatch.FileSystemWatcher$Watcher::scan (63 bytes)
Event: 5502.461 Thread 0x000001c2fc6e3310 nmethod 6685 0x000001c287ca9090 code [0x000001c287ca92a0, 0x000001c287ca9640]
Event: 5532.580 Thread 0x000001c2fc6e6af0 6686       3       com.zaxxer.hikari.pool.HikariPool::getTotalConnections (8 bytes)
Event: 5532.580 Thread 0x000001c2fc6e6af0 nmethod 6686 0x000001c2801dc510 code [0x000001c2801dc6c0, 0x000001c2801dc960]
Event: 5532.580 Thread 0x000001c2fc6e6af0 6687       3       com.zaxxer.hikari.util.ConcurrentBag::size (8 bytes)
Event: 5532.581 Thread 0x000001c2fc6e6af0 nmethod 6687 0x000001c280031a10 code [0x000001c280031bc0, 0x000001c280031dd8]
Event: 5541.369 Thread 0x000001c2fc6e3310 6688       4       sun.nio.ch.SelectorImpl::select (35 bytes)

GC Heap History (20 events):
Event: 5.674 GC heap before
{Heap before GC invocations=6 (full 0):
 garbage-first heap   total 75776K, used 60249K [0x0000000703600000, 0x0000000800000000)
  region size 2048K, 20 young (40960K), 3 survivors (6144K)
 Metaspace       used 35621K, committed 36096K, reserved 1114112K
  class space    used 4718K, committed 4928K, reserved 1048576K
}
Event: 5.679 GC heap after
{Heap after GC invocations=7 (full 0):
 garbage-first heap   total 75776K, used 26984K [0x0000000703600000, 0x0000000800000000)
  region size 2048K, 1 young (2048K), 1 survivors (2048K)
 Metaspace       used 35621K, committed 36096K, reserved 1114112K
  class space    used 4718K, committed 4928K, reserved 1048576K
}
Event: 5.682 GC heap before
{Heap before GC invocations=7 (full 0):
 garbage-first heap   total 75776K, used 26984K [0x0000000703600000, 0x0000000800000000)
  region size 2048K, 2 young (4096K), 1 survivors (2048K)
 Metaspace       used 35663K, committed 36096K, reserved 1114112K
  class space    used 4722K, committed 4928K, reserved 1048576K
}
Event: 5.685 GC heap after
{Heap after GC invocations=8 (full 0):
 garbage-first heap   total 75776K, used 26843K [0x0000000703600000, 0x0000000800000000)
  region size 2048K, 1 young (2048K), 1 survivors (2048K)
 Metaspace       used 35663K, committed 36096K, reserved 1114112K
  class space    used 4722K, committed 4928K, reserved 1048576K
}
Event: 7.355 GC heap before
{Heap before GC invocations=9 (full 0):
 garbage-first heap   total 75776K, used 61659K [0x0000000703600000, 0x0000000800000000)
  region size 2048K, 19 young (38912K), 1 survivors (2048K)
 Metaspace       used 46750K, committed 47232K, reserved 1114112K
  class space    used 6259K, committed 6464K, reserved 1048576K
}
Event: 7.358 GC heap after
{Heap after GC invocations=10 (full 0):
 garbage-first heap   total 75776K, used 29382K [0x0000000703600000, 0x0000000800000000)
  region size 2048K, 3 young (6144K), 3 survivors (6144K)
 Metaspace       used 46750K, committed 47232K, reserved 1114112K
  class space    used 6259K, committed 6464K, reserved 1048576K
}
Event: 8.413 GC heap before
{Heap before GC invocations=10 (full 0):
 garbage-first heap   total 75776K, used 60102K [0x0000000703600000, 0x0000000800000000)
  region size 2048K, 18 young (36864K), 3 survivors (6144K)
 Metaspace       used 54477K, committed 55104K, reserved 1114112K
  class space    used 7401K, committed 7680K, reserved 1048576K
}
Event: 8.420 GC heap after
{Heap after GC invocations=11 (full 0):
 garbage-first heap   total 75776K, used 30403K [0x0000000703600000, 0x0000000800000000)
  region size 2048K, 3 young (6144K), 3 survivors (6144K)
 Metaspace       used 54477K, committed 55104K, reserved 1114112K
  class space    used 7401K, committed 7680K, reserved 1048576K
}
Event: 9.043 GC heap before
{Heap before GC invocations=11 (full 0):
 garbage-first heap   total 75776K, used 61123K [0x0000000703600000, 0x0000000800000000)
  region size 2048K, 18 young (36864K), 3 survivors (6144K)
 Metaspace       used 58595K, committed 59200K, reserved 1114112K
  class space    used 7952K, committed 8256K, reserved 1048576K
}
Event: 9.047 GC heap after
{Heap after GC invocations=12 (full 0):
 garbage-first heap   total 75776K, used 33018K [0x0000000703600000, 0x0000000800000000)
  region size 2048K, 3 young (6144K), 3 survivors (6144K)
 Metaspace       used 58595K, committed 59200K, reserved 1114112K
  class space    used 7952K, committed 8256K, reserved 1048576K
}
Event: 9.232 GC heap before
{Heap before GC invocations=12 (full 0):
 garbage-first heap   total 75776K, used 39162K [0x0000000703600000, 0x0000000800000000)
  region size 2048K, 7 young (14336K), 3 survivors (6144K)
 Metaspace       used 59835K, committed 60480K, reserved 1114112K
  class space    used 8127K, committed 8448K, reserved 1048576K
}
Event: 9.236 GC heap after
{Heap after GC invocations=13 (full 0):
 garbage-first heap   total 75776K, used 33661K [0x0000000703600000, 0x0000000800000000)
  region size 2048K, 2 young (4096K), 2 survivors (4096K)
 Metaspace       used 59835K, committed 60480K, reserved 1114112K
  class space    used 8127K, committed 8448K, reserved 1048576K
}
Event: 376.435 GC heap before
{Heap before GC invocations=14 (full 0):
 garbage-first heap   total 75776K, used 62333K [0x0000000703600000, 0x0000000800000000)
  region size 2048K, 17 young (34816K), 2 survivors (4096K)
 Metaspace       used 65331K, committed 65984K, reserved 1114112K
  class space    used 8921K, committed 9216K, reserved 1048576K
}
Event: 376.452 GC heap after
{Heap after GC invocations=15 (full 0):
 garbage-first heap   total 75776K, used 35072K [0x0000000703600000, 0x0000000800000000)
  region size 2048K, 3 young (6144K), 3 survivors (6144K)
 Metaspace       used 65331K, committed 65984K, reserved 1114112K
  class space    used 8921K, committed 9216K, reserved 1048576K
}
Event: 1725.775 GC heap before
{Heap before GC invocations=15 (full 0):
 garbage-first heap   total 75776K, used 61696K [0x0000000703600000, 0x0000000800000000)
  region size 2048K, 16 young (32768K), 3 survivors (6144K)
 Metaspace       used 65482K, committed 66176K, reserved 1114112K
  class space    used 8929K, committed 9216K, reserved 1048576K
}
Event: 1725.792 GC heap after
{Heap after GC invocations=16 (full 0):
 garbage-first heap   total 75776K, used 34300K [0x0000000703600000, 0x0000000800000000)
  region size 2048K, 2 young (4096K), 2 survivors (4096K)
 Metaspace       used 65482K, committed 66176K, reserved 1114112K
  class space    used 8929K, committed 9216K, reserved 1048576K
}
Event: 3070.847 GC heap before
{Heap before GC invocations=16 (full 0):
 garbage-first heap   total 75776K, used 62972K [0x0000000703600000, 0x0000000800000000)
  region size 2048K, 16 young (32768K), 2 survivors (4096K)
 Metaspace       used 65585K, committed 66240K, reserved 1114112K
  class space    used 8930K, committed 9216K, reserved 1048576K
}
Event: 3070.878 GC heap after
{Heap after GC invocations=17 (full 0):
 garbage-first heap   total 75776K, used 34645K [0x0000000703600000, 0x0000000800000000)
  region size 2048K, 2 young (4096K), 2 survivors (4096K)
 Metaspace       used 65585K, committed 66240K, reserved 1114112K
  class space    used 8930K, committed 9216K, reserved 1048576K
}
Event: 4426.785 GC heap before
{Heap before GC invocations=17 (full 0):
 garbage-first heap   total 75776K, used 63317K [0x0000000703600000, 0x0000000800000000)
  region size 2048K, 16 young (32768K), 2 survivors (4096K)
 Metaspace       used 65656K, committed 66368K, reserved 1114112K
  class space    used 8930K, committed 9216K, reserved 1048576K
}
Event: 4426.852 GC heap after
{Heap after GC invocations=18 (full 0):
 garbage-first heap   total 75776K, used 34801K [0x0000000703600000, 0x0000000800000000)
  region size 2048K, 1 young (2048K), 1 survivors (2048K)
 Metaspace       used 65656K, committed 66368K, reserved 1114112K
  class space    used 8930K, committed 9216K, reserved 1048576K
}

Dll operation events (11 events):
Event: 0.011 Loaded shared library C:\Program Files\Java\jdk-21\bin\java.dll
Event: 0.092 Loaded shared library C:\Program Files\Java\jdk-21\bin\jsvml.dll
Event: 0.204 Loaded shared library C:\Program Files\Java\jdk-21\bin\net.dll
Event: 0.206 Loaded shared library C:\Program Files\Java\jdk-21\bin\nio.dll
Event: 0.211 Loaded shared library C:\Program Files\Java\jdk-21\bin\zip.dll
Event: 0.374 Loaded shared library C:\Program Files\Java\jdk-21\bin\jimage.dll
Event: 0.849 Loaded shared library C:\Program Files\Java\jdk-21\bin\management.dll
Event: 0.858 Loaded shared library C:\Program Files\Java\jdk-21\bin\management_ext.dll
Event: 2.313 Loaded shared library C:\Program Files\Java\jdk-21\bin\sunmscapi.dll
Event: 5.492 Loaded shared library C:\Program Files\Java\jdk-21\bin\verify.dll
Event: 5.823 Loaded shared library C:\Program Files\Java\jdk-21\bin\extnet.dll

Deoptimization events (20 events):
Event: 4175.433 Thread 0x000001c2d4a1c1c0 Uncommon trap: trap_request=0xffffffd6 fr.pc=0x000001c287f336f8 relative=0x0000000000000498
Event: 4175.433 Thread 0x000001c2d4a1c1c0 Uncommon trap: reason=array_check action=maybe_recompile pc=0x000001c287f336f8 method=java.util.concurrent.ScheduledThreadPoolExecutor$DelayedWorkQueue.siftUp(ILjava/util/concurrent/RunnableScheduledFuture;)V @ 39 c2
Event: 4175.433 Thread 0x000001c2d4a1c1c0 DEOPT PACKING pc=0x000001c287f336f8 sp=0x0000003cc87fef80
Event: 4175.433 Thread 0x000001c2d4a1c1c0 DEOPT UNPACKING pc=0x000001c287587da2 sp=0x0000003cc87fef38 mode 2
Event: 4184.432 Thread 0x000001c2d46305a0 Uncommon trap: trap_request=0xffffffd6 fr.pc=0x000001c287f363d0 relative=0x0000000000000630
Event: 4184.432 Thread 0x000001c2d46305a0 Uncommon trap: reason=array_check action=maybe_recompile pc=0x000001c287f363d0 method=java.util.concurrent.ScheduledThreadPoolExecutor$DelayedWorkQueue.siftDown(ILjava/util/concurrent/RunnableScheduledFuture;)V @ 112 c2
Event: 4184.432 Thread 0x000001c2d46305a0 DEOPT PACKING pc=0x000001c287f363d0 sp=0x0000003cc88fee90
Event: 4184.432 Thread 0x000001c2d46305a0 DEOPT UNPACKING pc=0x000001c287587da2 sp=0x0000003cc88fedd0 mode 2
Event: 4184.907 Thread 0x000001c2d4a1c1c0 Uncommon trap: trap_request=0xffffffd6 fr.pc=0x000001c287f363d0 relative=0x0000000000000630
Event: 4184.907 Thread 0x000001c2d4a1c1c0 Uncommon trap: reason=array_check action=maybe_recompile pc=0x000001c287f363d0 method=java.util.concurrent.ScheduledThreadPoolExecutor$DelayedWorkQueue.siftDown(ILjava/util/concurrent/RunnableScheduledFuture;)V @ 112 c2
Event: 4184.907 Thread 0x000001c2d4a1c1c0 DEOPT PACKING pc=0x000001c287f363d0 sp=0x0000003cc87fefd0
Event: 4184.907 Thread 0x000001c2d4a1c1c0 DEOPT UNPACKING pc=0x000001c287587da2 sp=0x0000003cc87fef10 mode 2
Event: 4491.435 Thread 0x000001c2d46305a0 Uncommon trap: trap_request=0xffffff45 fr.pc=0x000001c287f0f3e0 relative=0x0000000000000ac0
Event: 4491.435 Thread 0x000001c2d46305a0 Uncommon trap: reason=unstable_if action=reinterpret pc=0x000001c287f0f3e0 method=java.util.concurrent.locks.AbstractQueuedSynchronizer.acquire(Ljava/util/concurrent/locks/AbstractQueuedSynchronizer$Node;IZZZJ)I @ 49 c2
Event: 4491.435 Thread 0x000001c2d46305a0 DEOPT PACKING pc=0x000001c287f0f3e0 sp=0x0000003cc88fefc0
Event: 4491.435 Thread 0x000001c2d46305a0 DEOPT UNPACKING pc=0x000001c287587da2 sp=0x0000003cc88fef40 mode 2
Event: 5385.433 Thread 0x000001c2d46305a0 Uncommon trap: trap_request=0xffffffbe fr.pc=0x000001c287b6bda4 relative=0x0000000000000364
Event: 5385.433 Thread 0x000001c2d46305a0 Uncommon trap: reason=profile_predicate action=maybe_recompile pc=0x000001c287b6bda4 method=java.util.concurrent.ConcurrentHashMap$Traverser.advance()Ljava/util/concurrent/ConcurrentHashMap$Node; @ 15 c2
Event: 5385.434 Thread 0x000001c2d46305a0 DEOPT PACKING pc=0x000001c287b6bda4 sp=0x0000003cc88fefb0
Event: 5385.434 Thread 0x000001c2d46305a0 DEOPT UNPACKING pc=0x000001c287587da2 sp=0x0000003cc88fed68 mode 2

Classes loaded (20 events):
Event: 26.813 Loading class java/nio/channels/spi/AbstractSelectionKey done
Event: 26.814 Loading class sun/nio/ch/SelectionKeyImpl done
Event: 26.814 Loading class java/lang/invoke/ConstantBootstraps
Event: 26.815 Loading class java/lang/invoke/ConstantBootstraps done
Event: 27.099 Loading class java/time/format/DateTimeFormatterBuilder$ZoneTextPrinterParser
Event: 27.099 Loading class java/time/format/DateTimeFormatterBuilder$ZoneTextPrinterParser done
Event: 27.100 Loading class java/time/format/DateTimeFormatterBuilder$ReducedPrinterParser
Event: 27.100 Loading class java/time/format/DateTimeFormatterBuilder$ReducedPrinterParser done
Event: 27.610 Loading class java/util/OptionalLong
Event: 27.610 Loading class java/util/OptionalLong done
Event: 27.610 Loading class java/util/OptionalDouble
Event: 27.610 Loading class java/util/OptionalDouble done
Event: 27.676 Loading class java/util/stream/LongStream
Event: 27.677 Loading class java/util/stream/LongStream done
Event: 27.677 Loading class java/util/stream/DoubleStream
Event: 27.677 Loading class java/util/stream/DoubleStream done
Event: 27.721 Loading class org/w3c/dom/Node
Event: 27.721 Loading class org/w3c/dom/Node done
Event: 27.721 Loading class org/w3c/dom/Document
Event: 27.721 Loading class org/w3c/dom/Document done

Classes unloaded (20 events):
Event: 4427.051 Thread 0x000001c2fc6a4ef0 Unloading class 0x000001c290090000 'java/lang/invoke/LambdaForm$MH+0x000001c290090000'
Event: 4427.051 Thread 0x000001c2fc6a4ef0 Unloading class 0x000001c29008dc00 'java/lang/invoke/LambdaForm$MH+0x000001c29008dc00'
Event: 4427.051 Thread 0x000001c2fc6a4ef0 Unloading class 0x000001c29008d800 'java/lang/invoke/LambdaForm$MH+0x000001c29008d800'
Event: 4427.051 Thread 0x000001c2fc6a4ef0 Unloading class 0x000001c29008d000 'java/lang/invoke/LambdaForm$MH+0x000001c29008d000'
Event: 4427.051 Thread 0x000001c2fc6a4ef0 Unloading class 0x000001c29008c800 'java/lang/invoke/LambdaForm$MH+0x000001c29008c800'
Event: 4427.052 Thread 0x000001c2fc6a4ef0 Unloading class 0x000001c290081000 'java/lang/invoke/LambdaForm$MH+0x000001c290081000'
Event: 4427.052 Thread 0x000001c2fc6a4ef0 Unloading class 0x000001c29001b800 'java/lang/invoke/LambdaForm$MH+0x000001c29001b800'
Event: 4427.053 Thread 0x000001c2fc6a4ef0 Unloading class 0x000001c29001b000 'java/lang/invoke/LambdaForm$MH+0x000001c29001b000'
Event: 4427.053 Thread 0x000001c2fc6a4ef0 Unloading class 0x000001c29001a800 'java/lang/invoke/LambdaForm$MH+0x000001c29001a800'
Event: 4427.053 Thread 0x000001c2fc6a4ef0 Unloading class 0x000001c29001a400 'java/lang/invoke/LambdaForm$MH+0x000001c29001a400'
Event: 4427.053 Thread 0x000001c2fc6a4ef0 Unloading class 0x000001c290019400 'java/lang/invoke/LambdaForm$MH+0x000001c290019400'
Event: 4427.053 Thread 0x000001c2fc6a4ef0 Unloading class 0x000001c290018800 'java/lang/invoke/LambdaForm$MH+0x000001c290018800'
Event: 4427.053 Thread 0x000001c2fc6a4ef0 Unloading class 0x000001c290018400 'java/lang/invoke/LambdaForm$MH+0x000001c290018400'
Event: 4427.053 Thread 0x000001c2fc6a4ef0 Unloading class 0x000001c290017c00 'java/lang/invoke/LambdaForm$MH+0x000001c290017c00'
Event: 4427.053 Thread 0x000001c2fc6a4ef0 Unloading class 0x000001c290017800 'java/lang/invoke/LambdaForm$MH+0x000001c290017800'
Event: 4427.053 Thread 0x000001c2fc6a4ef0 Unloading class 0x000001c290017400 'java/lang/invoke/LambdaForm$MH+0x000001c290017400'
Event: 4427.053 Thread 0x000001c2fc6a4ef0 Unloading class 0x000001c290016800 'java/lang/invoke/LambdaForm$MH+0x000001c290016800'
Event: 4427.053 Thread 0x000001c2fc6a4ef0 Unloading class 0x000001c290015800 'java/lang/invoke/LambdaForm$MH+0x000001c290015800'
Event: 4427.053 Thread 0x000001c2fc6a4ef0 Unloading class 0x000001c290014c00 'java/lang/invoke/LambdaForm$MH+0x000001c290014c00'
Event: 4427.053 Thread 0x000001c2fc6a4ef0 Unloading class 0x000001c290014400 'java/lang/invoke/LambdaForm$MH+0x000001c290014400'

Classes redefined (0 events):
No events

Internal exceptions (20 events):
Event: 9.066 Thread 0x000001c2fcf088b0 Exception <a 'java/lang/NoSuchMethodError'{0x00000007132be078}: 'int java.lang.invoke.DirectMethodHandle$Holder.invokeStaticInit(java.lang.Object, float, float)'> (0x00000007132be078) 
thrown [s\open\src\hotspot\share\interpreter\linkResolver.cpp, line 773]
Event: 9.066 Thread 0x000001c2fcf088b0 Exception <a 'java/lang/NoSuchMethodError'{0x00000007132c56b0}: 'int java.lang.invoke.DirectMethodHandle$Holder.invokeStaticInit(java.lang.Object, double, double)'> (0x00000007132c56b0) 
thrown [s\open\src\hotspot\share\interpreter\linkResolver.cpp, line 773]
Event: 9.066 Thread 0x000001c2fcf088b0 Exception <a 'java/lang/NoSuchMethodError'{0x00000007132ca718}: 'int java.lang.invoke.DirectMethodHandle$Holder.invokeStatic(java.lang.Object, long)'> (0x00000007132ca718) 
thrown [s\open\src\hotspot\share\interpreter\linkResolver.cpp, line 773]
Event: 9.069 Thread 0x000001c2fcf088b0 Exception <a 'java/lang/NoSuchMethodError'{0x00000007132e8980}: 'int java.lang.invoke.Invokers$Holder.linkToTargetMethod(java.lang.Object, java.lang.Object)'> (0x00000007132e8980) 
thrown [s\open\src\hotspot\share\interpreter\linkResolver.cpp, line 773]
Event: 9.103 Thread 0x000001c2fcf088b0 Exception <a 'java/lang/IncompatibleClassChangeError'{0x000000070ccbb988}: Found class java.lang.Object, but interface was expected> (0x000000070ccbb988) 
thrown [s\open\src\hotspot\share\interpreter\linkResolver.cpp, line 840]
Event: 9.148 Thread 0x000001c2fcf088b0 Exception <a 'java/lang/NoSuchMethodError'{0x000000070ca5e348}: 'void java.lang.invoke.DirectMethodHandle$Holder.invokeVirtual(java.lang.Object, java.lang.Object, long)'> (0x000000070ca5e348) 
thrown [s\open\src\hotspot\share\interpreter\linkResolver.cpp, line 773]
Event: 9.262 Thread 0x000001c2fcf088b0 Exception <a 'java/lang/IncompatibleClassChangeError'{0x0000000713281c88}: Found class java.lang.Object, but interface was expected> (0x0000000713281c88) 
thrown [s\open\src\hotspot\share\interpreter\linkResolver.cpp, line 840]
Event: 9.283 Thread 0x000001c2fcf088b0 Implicit null exception at 0x000001c287e82f6f to 0x000001c287e83019
Event: 9.307 Thread 0x000001c2fcf088b0 Exception <a 'java/lang/NoSuchMethodError'{0x00000007133dc550}: 'java.lang.Object java.lang.invoke.Invokers$Holder.invoke_MT(java.lang.Object, java.lang.Object, java.lang.Object, java.lang.Object, java.lang.Object, java.lang.Object, java.lang.Object, java.lang.Object, java.lang.Object, java.lang.Object, java.lang.Object)'> (0x00000007133dc550) 
thrown [s\open\src\hotspot\share\interpreter\linkResolver.cpp, line 773]
Event: 9.402 Thread 0x000001c2fcf088b0 Exception <a 'java/lang/NoSuchMethodError'{0x000000070cb3e688}: 'java.lang.Object java.lang.invoke.DirectMethodHandle$Holder.newInvokeSpecial(java.lang.Object, java.lang.Object, int, java.lang.Object, java.lang.Object)'> (0x000000070cb3e688) 
thrown [s\open\src\hotspot\share\interpreter\linkResolver.cpp, line 773]
Event: 26.804 Thread 0x000001c2d68bb810 Exception <a 'java/lang/NoSuchMethodError'{0x000000070c97ea48}: 'java.lang.Object java.lang.invoke.DirectMethodHandle$Holder.invokeStatic(java.lang.Object, java.lang.Object, java.lang.Object, int, int)'> (0x000000070c97ea48) 
thrown [s\open\src\hotspot\share\interpreter\linkResolver.cpp, line 773]
Event: 26.805 Thread 0x000001c2d68bb810 Exception <a 'java/lang/NoSuchMethodError'{0x000000070c383a10}: 'java.lang.Object java.lang.invoke.DirectMethodHandle$Holder.invokeStaticInit(java.lang.Object, java.lang.Object, java.lang.Object, int, int)'> (0x000000070c383a10) 
thrown [s\open\src\hotspot\share\interpreter\linkResolver.cpp, line 773]
Event: 26.894 Thread 0x000001c2fe6f6390 Exception <a 'java/lang/NoSuchMethodError'{0x00000007070d7a58}: 'java.lang.Object java.lang.invoke.DirectMethodHandle$Holder.invokeSpecial(java.lang.Object, java.lang.Object, java.lang.Object, java.lang.Object, java.lang.Object, long)'> (0x00000007070d7a58) 
thrown [s\open\src\hotspot\share\interpreter\linkResolver.cpp, line 773]
Event: 26.894 Thread 0x000001c2fe6f6390 Exception <a 'java/lang/NoSuchMethodError'{0x00000007070db1d0}: 'java.lang.Object java.lang.invoke.Invokers$Holder.linkToTargetMethod(java.lang.Object, java.lang.Object, java.lang.Object, long, java.lang.Object)'> (0x00000007070db1d0) 
thrown [s\open\src\hotspot\share\interpreter\linkResolver.cpp, line 773]
Event: 27.341 Thread 0x000001c2fe6f6390 Exception <a 'java/lang/NoSuchMethodError'{0x0000000706b3ac38}: 'java.lang.Object java.lang.invoke.DirectMethodHandle$Holder.invokeInterface(java.lang.Object, java.lang.Object, java.lang.Object, java.lang.Object)'> (0x0000000706b3ac38) 
thrown [s\open\src\hotspot\share\interpreter\linkResolver.cpp, line 773]
Event: 27.369 Thread 0x000001c2fe6f6390 Exception <a 'java/lang/IncompatibleClassChangeError'{0x0000000706bb2940}: Found class java.lang.Object, but interface was expected> (0x0000000706bb2940) 
thrown [s\open\src\hotspot\share\interpreter\linkResolver.cpp, line 840]
Event: 27.418 Thread 0x000001c2fe6f6390 Implicit null exception at 0x000001c287eb37c1 to 0x000001c287eb3918
Event: 27.558 Thread 0x000001c2fe6f6390 Exception <a 'java/lang/NoSuchMethodError'{0x00000007066dbe00}: 'void java.lang.invoke.Invokers$Holder.invokeExact_MT(java.lang.Object, java.lang.Object, int, java.lang.Object)'> (0x00000007066dbe00) 
thrown [s\open\src\hotspot\share\interpreter\linkResolver.cpp, line 773]
Event: 27.577 Thread 0x000001c2fe6f6390 Exception <a 'java/lang/IncompatibleClassChangeError'{0x0000000706712188}: Found class java.lang.Object, but interface was expected> (0x0000000706712188) 
thrown [s\open\src\hotspot\share\interpreter\linkResolver.cpp, line 840]
Event: 5385.433 Thread 0x000001c2d46305a0 Implicit null exception at 0x000001c287b6bace to 0x000001c287b6bd88

ZGC Phase Switch (0 events):
No events

VM Operations (20 events):
Event: 4186.300 Executing VM operation: Cleanup
Event: 4186.300 Executing VM operation: Cleanup done
Event: 4271.113 Executing VM operation: Cleanup
Event: 4271.113 Executing VM operation: Cleanup done
Event: 4426.785 Executing VM operation: G1CollectForAllocation (G1 Evacuation Pause)
Event: 4426.853 Executing VM operation: G1CollectForAllocation (G1 Evacuation Pause) done
Event: 4427.019 Executing VM operation: G1PauseRemark
Event: 4427.280 Executing VM operation: G1PauseRemark done
Event: 4427.368 Executing VM operation: G1PauseCleanup
Event: 4427.369 Executing VM operation: G1PauseCleanup done
Event: 4847.184 Executing VM operation: Cleanup
Event: 4847.184 Executing VM operation: Cleanup done
Event: 5302.738 Executing VM operation: Cleanup
Event: 5302.738 Executing VM operation: Cleanup done
Event: 5326.969 Executing VM operation: Cleanup
Event: 5326.969 Executing VM operation: Cleanup done
Event: 5350.184 Executing VM operation: Cleanup
Event: 5350.184 Executing VM operation: Cleanup done
Event: 5358.240 Executing VM operation: Cleanup
Event: 5358.240 Executing VM operation: Cleanup done

Events (20 events):
Event: 5322.835 Thread 0x000001c2d68b9740 Thread exited: 0x000001c2d68b9740
Event: 5322.976 Thread 0x000001c2d68bf9b0 Thread exited: 0x000001c2d68bf9b0
Event: 5325.902 Thread 0x000001c2d68b9740 Thread added: 0x000001c2d68b9740
Event: 5325.907 Thread 0x000001c2d68bec90 Thread added: 0x000001c2d68bec90
Event: 5331.737 Thread 0x000001c2d68b9740 Thread exited: 0x000001c2d68b9740
Event: 5331.832 Thread 0x000001c2d68b9740 Thread added: 0x000001c2d68b9740
Event: 5336.842 Thread 0x000001c2d68b9740 Thread exited: 0x000001c2d68b9740
Event: 5336.969 Thread 0x000001c2d68bec90 Thread exited: 0x000001c2d68bec90
Event: 5349.338 Thread 0x000001c2d68b9740 Thread added: 0x000001c2d68b9740
Event: 5349.339 Thread 0x000001c2d68bf9b0 Thread added: 0x000001c2d68bf9b0
Event: 5355.124 Thread 0x000001c2d68b9740 Thread exited: 0x000001c2d68b9740
Event: 5355.281 Thread 0x000001c2d68bf9b0 Thread exited: 0x000001c2d68bf9b0
Event: 5358.178 Thread 0x000001c2d68b9740 Thread added: 0x000001c2d68b9740
Event: 5358.180 Thread 0x000001c2d68bd250 Thread added: 0x000001c2d68bd250
Event: 5365.770 Thread 0x000001c2d68b9740 Thread exited: 0x000001c2d68b9740
Event: 5365.895 Thread 0x000001c2d68bd250 Thread exited: 0x000001c2d68bd250
Event: 5369.300 Thread 0x000001c2d68b9740 Thread added: 0x000001c2d68b9740
Event: 5369.302 Thread 0x000001c2d68bd250 Thread added: 0x000001c2d68bd250
Event: 5374.305 Thread 0x000001c2d68b9740 Thread exited: 0x000001c2d68b9740
Event: 5374.430 Thread 0x000001c2d68bd250 Thread exited: 0x000001c2d68bd250


Dynamic libraries:
0x00007ff77ba30000 - 0x00007ff77ba40000 	C:\Program Files\Java\jdk-21\bin\javaw.exe
0x00007ffdcaf20000 - 0x00007ffdcb186000 	C:\WINDOWS\SYSTEM32\ntdll.dll
0x00007ffdc9320000 - 0x00007ffdc93e9000 	C:\WINDOWS\System32\KERNEL32.DLL
0x00007ffdc80b0000 - 0x00007ffdc847c000 	C:\WINDOWS\System32\KERNELBASE.dll
0x00007ffdc88d0000 - 0x00007ffdc8a1b000 	C:\WINDOWS\System32\ucrtbase.dll
0x00007ffdbffc0000 - 0x00007ffdbffdb000 	C:\Program Files\Java\jdk-21\bin\VCRUNTIME140.dll
0x00007ffdc08b0000 - 0x00007ffdc08c9000 	C:\Program Files\Java\jdk-21\bin\jli.dll
0x00007ffdca110000 - 0x00007ffdca1c2000 	C:\WINDOWS\System32\ADVAPI32.dll
0x00007ffdc8d10000 - 0x00007ffdc8db9000 	C:\WINDOWS\System32\msvcrt.dll
0x00007ffdc90f0000 - 0x00007ffdc9196000 	C:\WINDOWS\System32\sechost.dll
0x00007ffdc9ff0000 - 0x00007ffdca106000 	C:\WINDOWS\System32\RPCRT4.dll
0x00007ffdca200000 - 0x00007ffdca3ca000 	C:\WINDOWS\System32\USER32.dll
0x00007ffdb1c00000 - 0x00007ffdb1e9a000 	C:\WINDOWS\WinSxS\amd64_microsoft.windows.common-controls_6595b64144ccf1df_6.0.26100.3912_none_3e07963ce335137e\COMCTL32.dll
0x00007ffdc93f0000 - 0x00007ffdc941b000 	C:\WINDOWS\System32\GDI32.dll
0x00007ffdc8540000 - 0x00007ffdc8567000 	C:\WINDOWS\System32\win32u.dll
0x00007ffdc8570000 - 0x00007ffdc86a2000 	C:\WINDOWS\System32\gdi32full.dll
0x00007ffdc8ab0000 - 0x00007ffdc8b53000 	C:\WINDOWS\System32\msvcp_win.dll
0x00007ffdbd840000 - 0x00007ffdbd84b000 	C:\WINDOWS\SYSTEM32\VERSION.dll
0x00007ffdcaea0000 - 0x00007ffdcaed0000 	C:\WINDOWS\System32\IMM32.DLL
0x00007ffdc4800000 - 0x00007ffdc480c000 	C:\Program Files\Java\jdk-21\bin\vcruntime140_1.dll
0x00007ffd92e90000 - 0x00007ffd92f1e000 	C:\Program Files\Java\jdk-21\bin\msvcp140.dll
0x00007ffd4d550000 - 0x00007ffd4e267000 	C:\Program Files\Java\jdk-21\bin\server\jvm.dll
0x00007ffdc91a0000 - 0x00007ffdc9214000 	C:\WINDOWS\System32\WS2_32.dll
0x00007ffdc7980000 - 0x00007ffdc79de000 	C:\WINDOWS\SYSTEM32\POWRPROF.dll
0x00007ffdb1bc0000 - 0x00007ffdb1bf6000 	C:\WINDOWS\SYSTEM32\WINMM.dll
0x00007ffdc7960000 - 0x00007ffdc7974000 	C:\WINDOWS\SYSTEM32\UMPDC.dll
0x00007ffdc6e50000 - 0x00007ffdc6e6a000 	C:\WINDOWS\SYSTEM32\kernel.appcore.dll
0x00007ffdc47d0000 - 0x00007ffdc47da000 	C:\Program Files\Java\jdk-21\bin\jimage.dll
0x00007ffdc5a50000 - 0x00007ffdc5c91000 	C:\WINDOWS\SYSTEM32\DBGHELP.DLL
0x00007ffdca3d0000 - 0x00007ffdca754000 	C:\WINDOWS\System32\combase.dll
0x00007ffdc9480000 - 0x00007ffdc9560000 	C:\WINDOWS\System32\OLEAUT32.dll
0x00007ffdaeee0000 - 0x00007ffdaef19000 	C:\WINDOWS\SYSTEM32\dbgcore.DLL
0x00007ffdc8830000 - 0x00007ffdc88c9000 	C:\WINDOWS\System32\bcryptPrimitives.dll
0x00007ffdbd9c0000 - 0x00007ffdbd9df000 	C:\Program Files\Java\jdk-21\bin\java.dll
0x00007ffdca760000 - 0x00007ffdcae8d000 	C:\WINDOWS\System32\SHELL32.dll
0x00007ffdc8b60000 - 0x00007ffdc8cd4000 	C:\WINDOWS\System32\wintypes.dll
0x00007ffdc5cf0000 - 0x00007ffdc6546000 	C:\WINDOWS\SYSTEM32\windows.storage.dll
0x00007ffdc9220000 - 0x00007ffdc930f000 	C:\WINDOWS\System32\SHCORE.dll
0x00007ffdc9c30000 - 0x00007ffdc9c99000 	C:\WINDOWS\System32\shlwapi.dll
0x00007ffdc7fc0000 - 0x00007ffdc7fef000 	C:\WINDOWS\SYSTEM32\profapi.dll
0x00007ffd8f190000 - 0x00007ffd8f267000 	C:\Program Files\Java\jdk-21\bin\jsvml.dll
0x00007ffdc1850000 - 0x00007ffdc1860000 	C:\Program Files\Java\jdk-21\bin\net.dll
0x00007ffdc1340000 - 0x00007ffdc145e000 	C:\WINDOWS\SYSTEM32\WINHTTP.dll
0x00007ffdc73e0000 - 0x00007ffdc744a000 	C:\WINDOWS\system32\mswsock.dll
0x00007ffdb9ad0000 - 0x00007ffdb9ae6000 	C:\Program Files\Java\jdk-21\bin\nio.dll
0x00007ffdb8110000 - 0x00007ffdb8128000 	C:\Program Files\Java\jdk-21\bin\zip.dll
0x00007ffdc1660000 - 0x00007ffdc166a000 	C:\Program Files\Java\jdk-21\bin\management.dll
0x00007ffdc14b0000 - 0x00007ffdc14bb000 	C:\Program Files\Java\jdk-21\bin\management_ext.dll
0x00007ffdcae90000 - 0x00007ffdcae98000 	C:\WINDOWS\System32\PSAPI.DLL
0x00007ffdc1780000 - 0x00007ffdc178e000 	C:\Program Files\Java\jdk-21\bin\sunmscapi.dll
0x00007ffdc86b0000 - 0x00007ffdc8827000 	C:\WINDOWS\System32\CRYPT32.dll
0x00007ffdc7920000 - 0x00007ffdc7950000 	C:\WINDOWS\SYSTEM32\ncrypt.dll
0x00007ffdc78b0000 - 0x00007ffdc78ef000 	C:\WINDOWS\SYSTEM32\NTASN1.dll
0x00007ffdc7680000 - 0x00007ffdc769c000 	C:\WINDOWS\SYSTEM32\CRYPTSP.dll
0x00007ffdc6db0000 - 0x00007ffdc6dea000 	C:\WINDOWS\system32\rsaenh.dll
0x00007ffdc7480000 - 0x00007ffdc74ab000 	C:\WINDOWS\SYSTEM32\USERENV.dll
0x00007ffdc7f90000 - 0x00007ffdc7fb6000 	C:\WINDOWS\SYSTEM32\bcrypt.dll
0x00007ffdc76a0000 - 0x00007ffdc76ac000 	C:\WINDOWS\SYSTEM32\CRYPTBASE.dll
0x00007ffdc6850000 - 0x00007ffdc6883000 	C:\WINDOWS\SYSTEM32\IPHLPAPI.DLL
0x00007ffdc9db0000 - 0x00007ffdc9dba000 	C:\WINDOWS\System32\NSI.dll
0x00007ffdc1810000 - 0x00007ffdc1820000 	C:\Program Files\Java\jdk-21\bin\verify.dll
0x00007ffdc68e0000 - 0x00007ffdc6a07000 	C:\WINDOWS\SYSTEM32\DNSAPI.dll
0x00007ffdc0ee0000 - 0x00007ffdc0eeb000 	C:\Windows\System32\rasadhlp.dll
0x00007ffdc27b0000 - 0x00007ffdc2836000 	C:\WINDOWS\System32\fwpuclnt.dll
0x00007ffdc0f10000 - 0x00007ffdc0f19000 	C:\Program Files\Java\jdk-21\bin\extnet.dll
0x00007ffda28e0000 - 0x00007ffda28e8000 	C:\WINDOWS\system32\wshunix.dll

dbghelp: loaded successfully - version: 4.0.5 - missing functions: none
symbol engine: initialized successfully - sym options: 0x614 - pdb path: .;C:\Program Files\Java\jdk-21\bin;C:\WINDOWS\SYSTEM32;C:\WINDOWS\WinSxS\amd64_microsoft.windows.common-controls_6595b64144ccf1df_6.0.26100.3912_none_3e07963ce335137e;C:\Program Files\Java\jdk-21\bin\server

VM Arguments:
jvm_args: -Dfile.encoding=UTF-8 -Dstdout.encoding=UTF-8 -Dstderr.encoding=UTF-8 -XX:+ShowCodeDetailsInExceptionMessages 
java_command: com.PradipEmployeeManagementApplication
java_class_path (initial): C:\Users\Dhiraj\eclipse-workspace\PradipEmployeeManagement\target\classes;C:\Users\Dhiraj\.m2\repository\org\springframework\boot\spring-boot-starter-data-jpa\3.4.5\spring-boot-starter-data-jpa-3.4.5.jar;C:\Users\Dhiraj\.m2\repository\org\springframework\boot\spring-boot-starter\3.4.5\spring-boot-starter-3.4.5.jar;C:\Users\Dhiraj\.m2\repository\org\springframework\boot\spring-boot-starter-logging\3.4.5\spring-boot-starter-logging-3.4.5.jar;C:\Users\Dhiraj\.m2\repository\ch\qos\logback\logback-classic\1.5.18\logback-classic-1.5.18.jar;C:\Users\Dhiraj\.m2\repository\ch\qos\logback\logback-core\1.5.18\logback-core-1.5.18.jar;C:\Users\Dhiraj\.m2\repository\org\apache\logging\log4j\log4j-to-slf4j\2.24.3\log4j-to-slf4j-2.24.3.jar;C:\Users\Dhiraj\.m2\repository\org\apache\logging\log4j\log4j-api\2.24.3\log4j-api-2.24.3.jar;C:\Users\Dhiraj\.m2\repository\org\slf4j\jul-to-slf4j\2.0.17\jul-to-slf4j-2.0.17.jar;C:\Users\Dhiraj\.m2\repository\jakarta\annotation\jakarta.annotation-api\2.1.1\jakarta.annotation-api-2.1.1.jar;C:\Users\Dhiraj\.m2\repository\org\yaml\snakeyaml\2.3\snakeyaml-2.3.jar;C:\Users\Dhiraj\.m2\repository\org\springframework\boot\spring-boot-starter-jdbc\3.4.5\spring-boot-starter-jdbc-3.4.5.jar;C:\Users\Dhiraj\.m2\repository\com\zaxxer\HikariCP\5.1.0\HikariCP-5.1.0.jar;C:\Users\Dhiraj\.m2\repository\org\springframework\spring-jdbc\6.2.6\spring-jdbc-6.2.6.jar;C:\Users\Dhiraj\.m2\repository\org\hibernate\orm\hibernate-core\6.6.13.Final\hibernate-core-6.6.13.Final.jar;C:\Users\Dhiraj\.m2\repository\jakarta\persistence\jakarta.persistence-api\3.1.0\jakarta.persistence-api-3.1.0.jar;C:\Users\Dhiraj\.m2\repository\jakarta\transaction\jakarta.transaction-api\2.0.1\jakarta.transaction-api-2.0.1.jar;C:\Users\Dhiraj\.m2\repository\org\jboss\logging\jboss-logging\3.6.1.Final\jboss-logging-3.6.1.Final.jar;C:\Users\Dhiraj\.m2\repository\org\hibernate\common\hibernate-commons-annotations\7.0.3.Final\hibernate-commons-annotations-7.0.3.Final.jar;C:\Users\Dhiraj\.m2\repository\io\smallrye\jandex\3.2.0\jandex-3.2.0.jar;C:\Users\Dhiraj\.m2\repository\com\fasterxml\classmate\1.7.0\classmate-1.7.0.jar;C:\Users\Dhiraj\.m2\repository\net\bytebuddy\byte-buddy\1.15.11\byte-buddy-1.15.11.jar;C:\Users\Dhiraj\.m2\repository\org\glassfish\jaxb\jaxb-runtime\4.0.5\jaxb-runtime-4.0.5.jar;C:\Users\Dhiraj\.m2\repository\org\glassfish\jaxb\jaxb-core\4.0.5\jaxb-core-4.0.5.jar;C:\Users\Dhiraj\.m2\repository\org\eclipse\angus\angus-activation\2.0.2\angus-activation-2.0.2.jar;C:\Users\Dhiraj\.m2\repository\org\glassfish\jaxb\txw2\4.0.5\txw2-4.0.5.jar;C:\Users\Dhiraj\.m2\repository\com\sun\istack\istack-commons-runtime\4.1.2\istack-commons-runtime-4.1.2.jar;C:\Users\Dhiraj\.m2\repository\jakarta\inject\jakarta.inject-api\2.0.1\jakarta.inject-api-2.0.1.jar;C:\Users\Dhiraj\.m2\repository\org\antlr\antlr4-runtime\4.13.0\antlr4-runtime-4.13.0.jar;C:\Users\Dhiraj\.m2\repository\org\springframework\data\spring-data-jpa\3.4.5\spring-data-jpa-3.4.5.jar;C:\Users\Dhiraj\.m2\repository\org\springframework\data\spring-data-commons\3.4.5\spring-data-commons-3.4.5.jar;C:\Users\Dhiraj\.m2\repository\org\springframework\spring-orm\6.2.6\spring-orm-6.2.6.jar;C:\Users\Dhiraj\.m2\repository\org\springframework\spring-context\6.2.6\spring-context-6.2.6.jar;C:\Users\Dhiraj\.m2\repository\org\springframework\spring-aop\6.2.6\spring-aop-6.2.6.jar;C:\Users\Dhiraj\.m2\repository\org\springframework\spring-tx\6.2.6\spring-tx-6.2.6.jar;C:\Users\Dhiraj\.m2\repository\org\springframework\spring-beans\6.2.6\spring-beans-6.2.6.jar;C:\Users\Dhiraj\.m2\repository\org\slf4j\slf4j-api\2.0.17\slf4j-api-2.0.17.jar;C:\Users\Dhiraj\.m2\repository\org\springframework\spring-aspects\6.2.6\spring-aspects-6.2.6.jar;C:\Users\Dhiraj\.m2\repository\org\aspectj\aspectjweaver\1.9.24\aspectjweaver-1.9.24.jar;C:\Users\Dhiraj\.m2\repository\org\springframework\boot\spring-boot-starter-web\3.4.5\spring-boot-starter-web-3.4.5.jar;C:\Users\Dhiraj\.m2\repository\org\springframework\boot\spring-boot-starter-json\3.4.5\spring-boot-starter-json-3.4.5.jar;C:\Users\Dhiraj\.m2\repository\com\fasterxml\jackson\core\jackson-databind\2.18.3\jackson-databind-2.18.3.jar;C:\Users\Dhiraj\.m2\repository\com\fasterxml\jackson\core\jackson-annotations\2.18.3\jackson-annotations-2.18.3.jar;C:\Users\Dhiraj\.m2\repository\com\fasterxml\jackson\core\jackson-core\2.18.3\jackson-core-2.18.3.jar;C:\Users\Dhiraj\.m2\repository\com\fasterxml\jackson\datatype\jackson-datatype-jdk8\2.18.3\jackson-datatype-jdk8-2.18.3.jar;C:\Users\Dhiraj\.m2\repository\com\fasterxml\jackson\datatype\jackson-datatype-jsr310\2.18.3\jackson-datatype-jsr310-2.18.3.jar;C:\Users\Dhiraj\.m2\repository\com\fasterxml\jackson\module\jackson-module-parameter-names\2.18.3\jackson-module-parameter-names-2.18.3.jar;C:\Users\Dhiraj\.m2\repository\org\springframework\boot\spring-boot-starter-tomcat\3.4.5\spring-boot-starter-tomcat-3.4.5.jar;C:\Users\Dhiraj\.m2\repository\org\apache\tomcat\embed\tomcat-embed-core\10.1.40\tomcat-embed-core-10.1.40.jar;C:\Users\Dhiraj\.m2\repository\org\apache\tomcat\embed\tomcat-embed-el\10.1.40\tomcat-embed-el-10.1.40.jar;C:\Users\Dhiraj\.m2\repository\org\apache\tomcat\embed\tomcat-embed-websocket\10.1.40\tomcat-embed-websocket-10.1.40.jar;C:\Users\Dhiraj\.m2\repository\org\springframework\spring-web\6.2.6\spring-web-6.2.6.jar;C:\Users\Dhiraj\.m2\repository\io\micrometer\micrometer-observation\1.14.6\micrometer-observation-1.14.6.jar;C:\Users\Dhiraj\.m2\repository\io\micrometer\micrometer-commons\1.14.6\micrometer-commons-1.14.6.jar;C:\Users\Dhiraj\.m2\repository\org\springframework\spring-webmvc\6.2.6\spring-webmvc-6.2.6.jar;C:\Users\Dhiraj\.m2\repository\org\springframework\spring-expression\6.2.6\spring-expression-6.2.6.jar;C:\Users\Dhiraj\.m2\repository\org\postgresql\postgresql\42.7.5\postgresql-42.7.5.jar;C:\Users\Dhiraj\.m2\repository\org\checkerframework\checker-qual\3.48.3\checker-qual-3.48.3.jar;C:\Users\Dhiraj\.m2\repository\jakarta\xml\bind\jakarta.xml.bind-api\4.0.2\jakarta.xml.bind-api-4.0.2.jar;C:\Users\Dhiraj\.m2\repository\jakarta\activation\jakarta.activation-api\2.1.3\jakarta.activation-api-2.1.3.jar;C:\Users\Dhiraj\.m2\repository\org\springframework\spring-core\6.2.6\spring-core-6.2.6.jar;C:\Users\Dhiraj\.m2\repository\org\springframework\spring-jcl\6.2.6\spring-jcl-6.2.6.jar;C:\Users\Dhiraj\.m2\repository\org\springframework\boot\spring-boot-devtools\3.4.5\spring-boot-devtools-3.4.5.jar;C:\Users\Dhiraj\.m2\repository\org\springframework\boot\spring-boot\3.4.5\spring-boot-3.4.5.jar;C:\Users\Dhiraj\.m2\repository\org\springframework\boot\spring-boot-autoconfigure\3.4.5\spring-boot-autoconfigure-3.4.5.jar
Launcher Type: SUN_STANDARD

[Global flags]
     intx CICompilerCount                          = 4                                         {product} {ergonomic}
     uint ConcGCThreads                            = 2                                         {product} {ergonomic}
     uint G1ConcRefinementThreads                  = 8                                         {product} {ergonomic}
   size_t G1HeapRegionSize                         = 2097152                                   {product} {ergonomic}
    uintx GCDrainStackTargetSize                   = 64                                        {product} {ergonomic}
   size_t InitialHeapSize                          = 266338304                                 {product} {ergonomic}
   size_t MarkStackSize                            = 4194304                                   {product} {ergonomic}
   size_t MaxHeapSize                              = 4238344192                                {product} {ergonomic}
   size_t MaxNewSize                               = 2541748224                                {product} {ergonomic}
   size_t MinHeapDeltaBytes                        = 2097152                                   {product} {ergonomic}
   size_t MinHeapSize                              = 8388608                                   {product} {ergonomic}
    uintx NonNMethodCodeHeapSize                   = 5839372                                {pd product} {ergonomic}
    uintx NonProfiledCodeHeapSize                  = 122909434                              {pd product} {ergonomic}
    uintx ProfiledCodeHeapSize                     = 122909434                              {pd product} {ergonomic}
    uintx ReservedCodeCacheSize                    = 251658240                              {pd product} {ergonomic}
     bool SegmentedCodeCache                       = true                                      {product} {ergonomic}
     bool ShowCodeDetailsInExceptionMessages       = true                                   {manageable} {command line}
   size_t SoftMaxHeapSize                          = 4238344192                             {manageable} {ergonomic}
     bool UseCompressedOops                        = true                           {product lp64_product} {ergonomic}
     bool UseG1GC                                  = true                                      {product} {ergonomic}
     bool UseLargePagesIndividualAllocation        = false                                  {pd product} {ergonomic}

Logging:
Log output configuration:
 #0: stdout all=warning uptime,level,tags foldmultilines=false
 #1: stderr all=off uptime,level,tags foldmultilines=false

Environment Variables:
PATH=C:\Program Files\Common Files\Oracle\Java\javapath;C:\WINDOWS\system32;C:\WINDOWS;C:\WINDOWS\System32\Wbem;C:\WINDOWS\System32\WindowsPowerShell\v1.0\;C:\WINDOWS\System32\OpenSSH\;C:\Program Files\nodejs\;C:\Program Files\Git\cmd;C:\Program Files\MySQL\MySQL Shell 8.0\bin\;C:\Users\Dhiraj\AppData\Local\Microsoft\WindowsApps;C:\Users\Dhiraj\AppData\Roaming\npm;
USERNAME=Dhiraj
OS=Windows_NT
PROCESSOR_IDENTIFIER=Intel64 Family 6 Model 140 Stepping 2, GenuineIntel
TMP=C:\Users\Dhiraj\AppData\Local\Temp
TEMP=C:\Users\Dhiraj\AppData\Local\Temp




Periodic native trim disabled

---------------  S Y S T E M  ---------------

OS:
 Windows 11 , 64 bit Build 26100 (10.0.26100.3912)
OS uptime: 14 days 11:40 hours
Hyper-V role detected

CPU: total 8 (initial active 8) (4 cores per cpu, 2 threads per core) family 6 model 140 stepping 2 microcode 0x22, cx8, cmov, fxsr, ht, mmx, 3dnowpref, sse, sse2, sse3, ssse3, sse4.1, sse4.2, popcnt, lzcnt, tsc, tscinvbit, avx, avx2, aes, erms, clmul, bmi1, bmi2, adx, avx512f, avx512dq, avx512cd, avx512bw, avx512vl, sha, fma, vzeroupper, avx512_vpopcntdq, avx512_vpclmulqdq, avx512_vaes, avx512_vnni, clflush, clflushopt, clwb, avx512_vbmi2, avx512_vbmi, hv, rdtscp, rdpid, fsrm, gfni, avx512_bitalg, f16c, cet_ibt, cet_ss, avx512_ifma
Processor Information for processor 0
  Max Mhz: 3187, Current Mhz: 3187, Mhz Limit: 3187
Processor Information for processor 1
  Max Mhz: 3187, Current Mhz: 3187, Mhz Limit: 3187
Processor Information for processor 2
  Max Mhz: 3187, Current Mhz: 3187, Mhz Limit: 3187
Processor Information for processor 3
  Max Mhz: 3187, Current Mhz: 995, Mhz Limit: 3187
Processor Information for processor 4
  Max Mhz: 3187, Current Mhz: 3187, Mhz Limit: 3187
Processor Information for processor 5
  Max Mhz: 3187, Current Mhz: 995, Mhz Limit: 3187
Processor Information for processor 6
  Max Mhz: 3187, Current Mhz: 995, Mhz Limit: 3187
Processor Information for processor 7
  Max Mhz: 3187, Current Mhz: 995, Mhz Limit: 3187

Memory: 4k page, system-wide physical 16167M (2719M free)
TotalPageFile size 34917M (AvailPageFile size 1M)
current process WorkingSet (physical memory assigned to process): 76M, peak: 280M
current process commit charge ("private bytes"): 278M, peak: 415M

vm_info: Java HotSpot(TM) 64-Bit Server VM (21.0.2+13-LTS-58) for windows-amd64 JRE (21.0.2+13-LTS-58), built on 2024-01-05T18:32:24Z by "mach5one" with MS VC++ 17.1 (VS2022)

END.
